The system is: Windows - 10.0.19042 - AMD64
Compiling the C compiler identification source file "CMakeCCompilerId.c" succeeded.
Compiler: N:/INSTALL/Microsoft Visual Studio/2019/Community/VC/Tools/MSVC/14.29.30133/bin/Hostx64/x64/cl.exe 
Build flags: 
Id flags:  

The output was:
0
Microsoft (R) C/C++ Optimizing Compiler Version 19.29.30136 for x64
Copyright (C) Microsoft Corporation.  All rights reserved.

CMakeCCompilerId.c
Microsoft (R) Incremental Linker Version 14.29.30136.0
Copyright (C) Microsoft Corporation.  All rights reserved.

/out:CMakeCCompilerId.exe 
CMakeCCompilerId.obj 


Compilation of the C compiler identification source "CMakeCCompilerId.c" produced "CMakeCCompilerId.exe"

Compilation of the C compiler identification source "CMakeCCompilerId.c" produced "CMakeCCompilerId.obj"

The C compiler identification is MSVC, found in "C:/Users/sadam/Desktop/GEANT4/COE322/TSP/TSP/TSP/out/build/x64-Debug/CMakeFiles/3.20.21032501-MSVC_2/CompilerIdC/CMakeCCompilerId.exe"

Compiling the CXX compiler identification source file "CMakeCXXCompilerId.cpp" succeeded.
Compiler: N:/INSTALL/Microsoft Visual Studio/2019/Community/VC/Tools/MSVC/14.29.30133/bin/Hostx64/x64/cl.exe 
Build flags: 
Id flags:  

The output was:
0
Microsoft (R) C/C++ Optimizing Compiler Version 19.29.30136 for x64
Copyright (C) Microsoft Corporation.  All rights reserved.

CMakeCXXCompilerId.cpp
Microsoft (R) Incremental Linker Version 14.29.30136.0
Copyright (C) Microsoft Corporation.  All rights reserved.

/out:CMakeCXXCompilerId.exe 
CMakeCXXCompilerId.obj 


Compilation of the CXX compiler identification source "CMakeCXXCompilerId.cpp" produced "CMakeCXXCompilerId.exe"

Compilation of the CXX compiler identification source "CMakeCXXCompilerId.cpp" produced "CMakeCXXCompilerId.obj"

The CXX compiler identification is MSVC, found in "C:/Users/sadam/Desktop/GEANT4/COE322/TSP/TSP/TSP/out/build/x64-Debug/CMakeFiles/3.20.21032501-MSVC_2/CompilerIdCXX/CMakeCXXCompilerId.exe"

Detecting C compiler ABI info compiled with the following output:
Change Dir: C:/Users/sadam/Desktop/GEANT4/COE322/TSP/TSP/TSP/out/build/x64-Debug/CMakeFiles/CMakeTmp

Run Build Command(s):N:/INSTALL/Microsoft Visual Studio/2019/Community/Common7/IDE/CommonExtensions/Microsoft/CMake/Ninja/ninja.exe cmTC_290c9 && [1/2] Building C object CMakeFiles\cmTC_290c9.dir\CMakeCCompilerABI.c.obj
[2/2] Linking C executable cmTC_290c9.exe



Detecting CXX compiler ABI info compiled with the following output:
Change Dir: C:/Users/sadam/Desktop/GEANT4/COE322/TSP/TSP/TSP/out/build/x64-Debug/CMakeFiles/CMakeTmp

Run Build Command(s):N:/INSTALL/Microsoft Visual Studio/2019/Community/Common7/IDE/CommonExtensions/Microsoft/CMake/Ninja/ninja.exe cmTC_adc7b && [1/2] Building CXX object CMakeFiles\cmTC_adc7b.dir\CMakeCXXCompilerABI.cpp.obj
[2/2] Linking CXX executable cmTC_adc7b.exe



Determining if the include file filesystem exists passed with the following output:
Change Dir: C:/Users/sadam/Desktop/GEANT4/COE322/TSP/TSP/TSP/out/build/x64-Debug/CMakeFiles/CMakeTmp

Run Build Command(s):N:/INSTALL/Microsoft Visual Studio/2019/Community/Common7/IDE/CommonExtensions/Microsoft/CMake/Ninja/ninja.exe cmTC_3e59d && [1/2] Building CXX object CMakeFiles\cmTC_3e59d.dir\CheckIncludeFile.cxx.obj
cl : Command line warning D9002 : ignoring unknown option '/O0'
[2/2] Linking CXX executable cmTC_3e59d.exe



Performing C++ SOURCE FILE Test CXX_FILESYSTEM_NO_LINK_NEEDED succeeded with the following compile output:
Change Dir: C:/Users/sadam/Desktop/GEANT4/COE322/TSP/TSP/TSP/out/build/x64-Debug/CMakeFiles/CMakeTmp

Run Build Command(s):N:/INSTALL/Microsoft Visual Studio/2019/Community/Common7/IDE/CommonExtensions/Microsoft/CMake/Ninja/ninja.exe cmTC_953a6 && [1/2] Building CXX object CMakeFiles\cmTC_953a6.dir\src.cxx.obj
cl : Command line warning D9002 : ignoring unknown option '/O0'
src.cxx(6): warning C4477: 'printf' : format string '%s' requires an argument of type 'char *', but variadic argument 1 has type 'const std::filesystem::path::value_type *'
src.cxx(6): note: consider using '%ls' in the format string
src.cxx(6): note: consider using '%lls' in the format string
src.cxx(6): note: consider using '%Ls' in the format string
src.cxx(6): note: consider using '%ws' in the format string
[2/2] Linking CXX executable cmTC_953a6.exe


...and run output:
C
Return value: 1
Source file was:
        #include <cstdlib>
        #include <filesystem>

        int main() {
            auto cwd = std::filesystem::current_path();
            printf("%s", cwd.c_str());
            return EXIT_SUCCESS;
        }
    
