Determining if the function sgemm_ exists failed with the following output:
Change Dir: C:/Users/sadam/Desktop/GEANT4/COE322/TSP/TSP/TSP/out/build/x64-Debug/CMakeFiles/CMakeTmp

Run Build Command(s):N:/INSTALL/Microsoft Visual Studio/2019/Community/Common7/IDE/CommonExtensions/Microsoft/CMake/Ninja/ninja.exe cmTC_06884 && [1/2] Building C object CMakeFiles\cmTC_06884.dir\CheckFunctionExists.c.obj
[2/2] Linking C executable cmTC_06884.exe
FAILED: cmTC_06884.exe 
cmd.exe /C "cd . && "N:\INSTALL\Microsoft Visual Studio\2019\Community\Common7\IDE\CommonExtensions\Microsoft\CMake\CMake\bin\cmake.exe" -E vs_link_exe --intdir=CMakeFiles\cmTC_06884.dir --rc=C:\PROGRA~2\WI3CF2~1\10\bin\10.0.22000.0\x64\rc.exe --mt=C:\PROGRA~2\WI3CF2~1\10\bin\10.0.22000.0\x64\mt.exe --manifests  -- "N:\INSTALL\Microsoft Visual Studio\2019\Community\VC\Tools\MSVC\14.29.30133\bin\Hostx64\x64\link.exe" /nologo CMakeFiles\cmTC_06884.dir\CheckFunctionExists.c.obj  /out:cmTC_06884.exe /implib:cmTC_06884.lib /pdb:cmTC_06884.pdb /version:0.0 /machine:x64  /debug /INCREMENTAL /subsystem:console  kernel32.lib user32.lib gdi32.lib winspool.lib shell32.lib ole32.lib oleaut32.lib uuid.lib comdlg32.lib advapi32.lib && cd ."
LINK Pass 1: command "N:\INSTALL\Microsoft Visual Studio\2019\Community\VC\Tools\MSVC\14.29.30133\bin\Hostx64\x64\link.exe /nologo CMakeFiles\cmTC_06884.dir\CheckFunctionExists.c.obj /out:cmTC_06884.exe /implib:cmTC_06884.lib /pdb:cmTC_06884.pdb /version:0.0 /machine:x64 /debug /INCREMENTAL /subsystem:console kernel32.lib user32.lib gdi32.lib winspool.lib shell32.lib ole32.lib oleaut32.lib uuid.lib comdlg32.lib advapi32.lib /MANIFEST /MANIFESTFILE:CMakeFiles\cmTC_06884.dir/intermediate.manifest CMakeFiles\cmTC_06884.dir/manifest.res" failed (exit code 1120) with the following output:
CheckFunctionExists.c.obj : error LNK2019: unresolved external symbol sgemm_ referenced in function main
cmTC_06884.exe : fatal error LNK1120: 1 unresolved externals
ninja: build stopped: subcommand failed.



Determining if the include file pthread.h exists failed with the following output:
Change Dir: C:/Users/sadam/Desktop/GEANT4/COE322/TSP/TSP/TSP/out/build/x64-Debug/CMakeFiles/CMakeTmp

Run Build Command(s):N:/INSTALL/Microsoft Visual Studio/2019/Community/Common7/IDE/CommonExtensions/Microsoft/CMake/Ninja/ninja.exe cmTC_fb198 && [1/2] Building C object CMakeFiles\cmTC_fb198.dir\CheckIncludeFile.c.obj
FAILED: CMakeFiles/cmTC_fb198.dir/CheckIncludeFile.c.obj 
"N:\INSTALL\Microsoft Visual Studio\2019\Community\VC\Tools\MSVC\14.29.30133\bin\Hostx64\x64\cl.exe"  /nologo   /DWIN32 /D_WINDOWS /W3  /MDd /Zi /Ob0 /Od /RTC1 /showIncludes /FoCMakeFiles\cmTC_fb198.dir\CheckIncludeFile.c.obj /FdCMakeFiles\cmTC_fb198.dir\ /FS -c CheckIncludeFile.c
CheckIncludeFile.c(1): fatal error C1083: Cannot open include file: 'pthread.h': No such file or directory
ninja: build stopped: subcommand failed.



Determining if the __fbufsize exist failed with the following output:
Change Dir: C:/Users/sadam/Desktop/GEANT4/COE322/TSP/TSP/TSP/out/build/x64-Debug/CMakeFiles/CMakeTmp

Run Build Command(s):N:/INSTALL/Microsoft Visual Studio/2019/Community/Common7/IDE/CommonExtensions/Microsoft/CMake/Ninja/ninja.exe cmTC_e28e1 && [1/2] Building C object CMakeFiles\cmTC_e28e1.dir\CheckSymbolExists.c.obj
FAILED: CMakeFiles/cmTC_e28e1.dir/CheckSymbolExists.c.obj 
"N:\INSTALL\Microsoft Visual Studio\2019\Community\VC\Tools\MSVC\14.29.30133\bin\Hostx64\x64\cl.exe"  /nologo   /DWIN32 /D_WINDOWS /W3  /MDd /Zi /Ob0 /Od /RTC1 /showIncludes /FoCMakeFiles\cmTC_e28e1.dir\CheckSymbolExists.c.obj /FdCMakeFiles\cmTC_e28e1.dir\ /FS -c CheckSymbolExists.c
CheckSymbolExists.c(2): fatal error C1083: Cannot open include file: 'stdio_ext.h': No such file or directory
ninja: build stopped: subcommand failed.


File C:/Users/sadam/Desktop/GEANT4/COE322/TSP/TSP/TSP/out/build/x64-Debug/CMakeFiles/CMakeTmp/CheckSymbolExists.c:
/* */
#include <stdio_ext.h>

int main(int argc, char** argv)
{
  (void)argv;
#ifndef __fbufsize
  return ((int*)(&__fbufsize))[argc];
#else
  (void)argc;
  return 0;
#endif
}
